<?xml version="1.0" encoding="UTF-8"?>
<!-- Generated by org.testng.reporters.JUnitReportReporter -->
<testsuite hostname="DESKTOP-0JEAV2T" failures="0" tests="1" name="com.Phptravel.qa.testcase.HomepageTC" time="9.382" errors="0" timestamp="2021-05-08T22:20:24 IST" skipped="0">
  <testcase classname="com.Phptravel.qa.testcase.HomepageTC" name="pricelinkclick" time="9.382"/>
  <system-out/>
</testsuite> <!-- com.Phptravel.qa.testcase.HomepageTC -->
